
ROM used:   442/8192 (5%)
            442/8192 (5%) including unused fragments

            0.5 Average locations per line
            5.2 Average locations per statement

RAM used:   41/368 (11%) at main() level
            45/368 (12%) worst case

Stack used: 1 worst case (1 in main + 0 for interrupts)
Stack size: 8

Lines Stmts  %   Files
----- ----- ---  -----
  126    85 100  vvvvvvvvvvv.c
   10     0   0  vvvvvvvvvvv.h
  672     0   0  ..\..\..\..\Program Files (x86)\PICC\Devices\16F877A.h
----- -----
  808    85 Total

Page ROM  %  RAM    Vol Diff  Functions:
---- --- --- ---    --- ----  ----------
0     20   5    1             @delay_ms1
0     14   3    0             @const633
0     67  15    1    285  3.2  check
0     19   4    0    108  1.7  start_signal
0     26   6    0    106  2.5  check_response
0     79  18    4    662  7.6  Read_Data
0     91  21    0    226  2.7  MAIN
0    101  23    1    433  3.3  hienthi8led7doan
0     21   5    3             @DIV88
 Inline         0             @cinit1

Program metrics:
    Functions               6
    Statements              85
    Comments                138
    Volume (V)              2660
    Difficulty (D)          20.7
    Effort to implement (E) 55052
    Time to implement (T)   51 minutes
    Est Delivered Bugs (B)  0
    Cyclomatic Complexity   10
    Maintainability (MI)    142

 Segment     Used  Free
-----------  ----  ----
00000-00003     4  0  
00004-007FF   438  1606  
00800-00FFF     0  2048  
01000-017FF     0  2048  
01800-01FFF     0  2048  



