
ROM used:   12/4096 (0%)
            12/4096 (0%) including unused fragments

            0.0 Average locations per line
            12.0 Average locations per statement

RAM used:   4/192 (2%) at main() level
            4/192 (2%) worst case

Stack used: 0 worst case (0 in main + 0 for interrupts)
Stack size: 8

Lines Stmts  %   Files
----- ----- ---  -----
    6     0   0  hrhdrh.c
  595     0   0  ..\..\..\..\..\Program Files (x86)\PICC\Devices\16C74.h
----- -----
  601     1 Total

Page ROM  %  RAM    Vol Diff  Functions:
---- --- --- ---    --- ----  ----------
0      8  67    0      3  0.0  main
 Inline         0             @cinit1

Program metrics:
    Functions               1
    Statements              1
    Comments                107
    Volume (V)              4
    Difficulty (D)          0.0
    Effort to implement (E) 0
    Time to implement (T)   0 minutes
    Est Delivered Bugs (B)  0
    Cyclomatic Complexity   1
    Maintainability (MI)    148

 Segment     Used  Free
-----------  ----  ----
00000-00003     4  0  
00004-007FF     8  2036  
00800-00FFF     0  2048  



